<?xml version="1.0" encoding="UTF-8"?>
<!-- Generated by org.testng.reporters.JUnitReportReporter -->
<testsuite skipped="0" hostname="LAPTOP-UHFNO702" name="test.ToDoListTest" tests="3" failures="0" timestamp="2020-11-08T20:01:45 EST" time="20.005" errors="0">
  <testcase name="userShouldBeAbleToAddACategory" time="7.822" classname="test.ToDoListTest"/>
  <system-out/>
  <testcase name="userShouldntBeAbleToAddADuplicateCategory" time="6.083" classname="test.ToDoListTest"/>
  <system-out/>
  <testcase name="allMonthsInAYearShouldBeDisplayed" time="6.100" classname="test.ToDoListTest"/>
  <system-out/>
</testsuite> <!-- test.ToDoListTest -->
